<?xml version="1.0" encoding="UTF-8"?>
<testsuite name="MoodAnalyserTest" tests="1" skipped="0" failures="0" errors="0" timestamp="2022-05-27T02:16:51" hostname="DESKTOP-483DOJV" time="0.038">
  <properties/>
  <testcase name="givenEmptyMoodMessage_throwsException()" classname="MoodAnalyserTest" time="0.038"/>
  <system-out><![CDATA[]]></system-out>
  <system-err><![CDATA[]]></system-err>
</testsuite>
