<?xml version="1.0" encoding="UTF-8"?>
<testsuite name="MoodAnalyserTest" tests="1" skipped="0" failures="0" errors="0" timestamp="2022-05-27T02:05:42" hostname="DESKTOP-483DOJV" time="0.041">
  <properties/>
  <testcase name="givenNullMood_throwsExceptions()" classname="MoodAnalyserTest" time="0.041"/>
  <system-out><![CDATA[]]></system-out>
  <system-err><![CDATA[]]></system-err>
</testsuite>
