<?xml version="1.0" encoding="UTF-8"?>
<testsuite name="MoodAnalyserTest" tests="1" skipped="0" failures="0" errors="0" timestamp="2022-05-26T14:48:34" hostname="DESKTOP-483DOJV" time="0.04">
  <properties/>
  <testcase name="givenNullMood_shouldReturnHappy()" classname="MoodAnalyserTest" time="0.04"/>
  <system-out><![CDATA[]]></system-out>
  <system-err><![CDATA[]]></system-err>
</testsuite>
