<?xml version="1.0" encoding="UTF-8"?>
<testsuite name="MoodAnalyserTest" tests="4" skipped="0" failures="0" errors="0" timestamp="2022-05-26T14:16:59" hostname="DESKTOP-483DOJV" time="0.202">
  <properties/>
  <testcase name="givenMessage_analyseHappyMood()" classname="MoodAnalyserTest" time="0.059"/>
  <testcase name="givenMessage_analyseSadMood()" classname="MoodAnalyserTest" time="0.056"/>
  <testcase name="givenMessage_analyseHappyMood_usingConstructor()" classname="MoodAnalyserTest" time="0.023"/>
  <testcase name="givenMessage_analyseSadMood_usingConstructor()" classname="MoodAnalyserTest" time="0.018"/>
  <system-out><![CDATA[]]></system-out>
  <system-err><![CDATA[]]></system-err>
</testsuite>
