<?xml version="1.0" encoding="UTF-8"?>
<testsuite name="MoodAnalyserTest" tests="3" skipped="0" failures="0" errors="0" timestamp="2022-05-26T02:37:22" hostname="DESKTOP-483DOJV" time="0.042">
  <properties/>
  <testcase name="givenMessage_AnalyseSadMood_usingConstructor()" classname="MoodAnalyserTest" time="0.035"/>
  <testcase name="givenMessage_analyseSadMood()" classname="MoodAnalyserTest" time="0.001"/>
  <testcase name="givenMessage_AnalyseHappyMood()" classname="MoodAnalyserTest" time="0.002"/>
  <system-out><![CDATA[]]></system-out>
  <system-err><![CDATA[]]></system-err>
</testsuite>
